<?xml version="1.0" encoding="UTF-8"?>
<testng-results skipped="0" failed="1" total="2" passed="1">
  <reporter-output>
  </reporter-output>
  <suite name="Default suite" duration-ms="48148" started-at="2021-06-14T20:34:18Z" finished-at="2021-06-14T20:35:06Z">
    <groups>
      <group name="SmokeTest">
        <method signature="CreateOrganizationTest.createOrganization()[pri:0, instance:com.crm.comcast.VtigerTest.CreateOrganizationTest@4cf777e8]" name="createOrganization" class="com.crm.comcast.VtigerTest.CreateOrganizationTest"/>
      </group> <!-- SmokeTest -->
    </groups>
    <test name="Default test" duration-ms="48148" started-at="2021-06-14T20:34:18Z" finished-at="2021-06-14T20:35:06Z">
      <class name="com.crm.comcast.VtigerTest.CreateOrganizationTest">
        <test-method status="PASS" signature="makeDBConnection()[pri:0, instance:com.crm.comcast.VtigerTest.CreateOrganizationTest@4cf777e8]" name="makeDBConnection" is-config="true" duration-ms="16" started-at="2021-06-15T02:04:18Z" finished-at="2021-06-15T02:04:18Z">
          <reporter-output>
          </reporter-output>
        </test-method> <!-- makeDBConnection -->
        <test-method status="PASS" signature="launchBrowser()[pri:0, instance:com.crm.comcast.VtigerTest.CreateOrganizationTest@4cf777e8]" name="launchBrowser" is-config="true" duration-ms="6210" started-at="2021-06-15T02:04:18Z" finished-at="2021-06-15T02:04:24Z">
          <reporter-output>
          </reporter-output>
        </test-method> <!-- launchBrowser -->
        <test-method status="PASS" signature="loginTtoApp()[pri:0, instance:com.crm.comcast.VtigerTest.CreateOrganizationTest@4cf777e8]" name="loginTtoApp" is-config="true" duration-ms="6931" started-at="2021-06-15T02:04:24Z" finished-at="2021-06-15T02:04:31Z">
          <reporter-output>
          </reporter-output>
        </test-method> <!-- loginTtoApp -->
        <test-method status="PASS" signature="createOrgWithType()[pri:0, instance:com.crm.comcast.VtigerTest.CreateOrganizationTest@4cf777e8]" name="createOrgWithType" duration-ms="12" started-at="2021-06-15T02:04:31Z" finished-at="2021-06-15T02:04:31Z">
          <reporter-output>
          </reporter-output>
        </test-method> <!-- createOrgWithType -->
        <test-method status="PASS" signature="logoutOfApp()[pri:0, instance:com.crm.comcast.VtigerTest.CreateOrganizationTest@4cf777e8]" name="logoutOfApp" is-config="true" duration-ms="5935" started-at="2021-06-15T02:04:31Z" finished-at="2021-06-15T02:04:37Z">
          <reporter-output>
          </reporter-output>
        </test-method> <!-- logoutOfApp -->
        <test-method status="PASS" signature="loginTtoApp()[pri:0, instance:com.crm.comcast.VtigerTest.CreateOrganizationTest@4cf777e8]" name="loginTtoApp" is-config="true" duration-ms="3222" started-at="2021-06-15T02:04:37Z" finished-at="2021-06-15T02:04:40Z">
          <reporter-output>
          </reporter-output>
        </test-method> <!-- loginTtoApp -->
        <test-method status="FAIL" signature="createOrganization()[pri:0, instance:com.crm.comcast.VtigerTest.CreateOrganizationTest@4cf777e8]" name="createOrganization" duration-ms="24024" started-at="2021-06-15T02:04:40Z" finished-at="2021-06-15T02:05:04Z">
          <exception class="org.openqa.selenium.StaleElementReferenceException">
            <message>
              <![CDATA[stale element reference: element is not attached to the page document
  (Session info: chrome=91.0.4472.77)
For documentation on this error, please visit: https://www.seleniumhq.org/exceptions/stale_element_reference.html
Build info: version: '3.141.59', revision: 'e82be7d358', time: '2018-11-14T08:17:03'
System info: host: 'ANIKET', ip: '192.168.25.1', os.name: 'Windows 8.1', os.arch: 'amd64', os.version: '6.3', java.version: '1.8.0_162'
Driver info: org.openqa.selenium.chrome.ChromeDriver
Capabilities {acceptInsecureCerts: false, browserName: chrome, browserVersion: 91.0.4472.77, chrome: {chromedriverVersion: 91.0.4472.19 (1bf021f248676..., userDataDir: C:\Users\ANIKET~1\AppData\L...}, goog:chromeOptions: {debuggerAddress: localhost:35866}, javascriptEnabled: true, networkConnectionEnabled: false, pageLoadStrategy: normal, platform: WINDOWS, platformName: WINDOWS, proxy: Proxy(), setWindowRect: true, strictFileInteractability: false, timeouts: {implicit: 0, pageLoad: 300000, script: 30000}, unhandledPromptBehavior: dismiss and notify, webauthn:extension:largeBlob: true, webauthn:virtualAuthenticators: true}
Session ID: 2f5c485ca8e3f3c262dcc964ed569b14]]>
            </message>
            <full-stacktrace>
              <![CDATA[org.openqa.selenium.StaleElementReferenceException: stale element reference: element is not attached to the page document
  (Session info: chrome=91.0.4472.77)
For documentation on this error, please visit: https://www.seleniumhq.org/exceptions/stale_element_reference.html
Build info: version: '3.141.59', revision: 'e82be7d358', time: '2018-11-14T08:17:03'
System info: host: 'ANIKET', ip: '192.168.25.1', os.name: 'Windows 8.1', os.arch: 'amd64', os.version: '6.3', java.version: '1.8.0_162'
Driver info: org.openqa.selenium.chrome.ChromeDriver
Capabilities {acceptInsecureCerts: false, browserName: chrome, browserVersion: 91.0.4472.77, chrome: {chromedriverVersion: 91.0.4472.19 (1bf021f248676..., userDataDir: C:\Users\ANIKET~1\AppData\L...}, goog:chromeOptions: {debuggerAddress: localhost:35866}, javascriptEnabled: true, networkConnectionEnabled: false, pageLoadStrategy: normal, platform: WINDOWS, platformName: WINDOWS, proxy: Proxy(), setWindowRect: true, strictFileInteractability: false, timeouts: {implicit: 0, pageLoad: 300000, script: 30000}, unhandledPromptBehavior: dismiss and notify, webauthn:extension:largeBlob: true, webauthn:virtualAuthenticators: true}
Session ID: 2f5c485ca8e3f3c262dcc964ed569b14
	at sun.reflect.NativeConstructorAccessorImpl.newInstance0(Native Method)
	at sun.reflect.NativeConstructorAccessorImpl.newInstance(Unknown Source)
	at sun.reflect.DelegatingConstructorAccessorImpl.newInstance(Unknown Source)
	at java.lang.reflect.Constructor.newInstance(Unknown Source)
	at org.openqa.selenium.remote.http.W3CHttpResponseCodec.createException(W3CHttpResponseCodec.java:187)
	at org.openqa.selenium.remote.http.W3CHttpResponseCodec.decode(W3CHttpResponseCodec.java:122)
	at org.openqa.selenium.remote.http.W3CHttpResponseCodec.decode(W3CHttpResponseCodec.java:49)
	at org.openqa.selenium.remote.HttpCommandExecutor.execute(HttpCommandExecutor.java:158)
	at org.openqa.selenium.remote.service.DriverCommandExecutor.execute(DriverCommandExecutor.java:83)
	at org.openqa.selenium.remote.RemoteWebDriver.execute(RemoteWebDriver.java:552)
	at org.openqa.selenium.remote.RemoteWebElement.execute(RemoteWebElement.java:285)
	at org.openqa.selenium.remote.RemoteWebElement.click(RemoteWebElement.java:84)
	at sun.reflect.NativeMethodAccessorImpl.invoke0(Native Method)
	at sun.reflect.NativeMethodAccessorImpl.invoke(Unknown Source)
	at sun.reflect.DelegatingMethodAccessorImpl.invoke(Unknown Source)
	at java.lang.reflect.Method.invoke(Unknown Source)
	at org.openqa.selenium.support.pagefactory.internal.LocatingElementHandler.invoke(LocatingElementHandler.java:51)
	at com.sun.proxy.$Proxy13.click(Unknown Source)
	at com.crm.comcast.objectRepository.HomePage.signOut(HomePage.java:112)
	at com.crm.comcast.VtigerTest.CreateOrganizationTest.createOrganization(CreateOrganizationTest.java:37)
	at sun.reflect.NativeMethodAccessorImpl.invoke0(Native Method)
	at sun.reflect.NativeMethodAccessorImpl.invoke(Unknown Source)
	at sun.reflect.DelegatingMethodAccessorImpl.invoke(Unknown Source)
	at java.lang.reflect.Method.invoke(Unknown Source)
	at org.testng.internal.MethodInvocationHelper.invokeMethod(MethodInvocationHelper.java:100)
	at org.testng.internal.Invoker.invokeMethod(Invoker.java:646)
	at org.testng.internal.Invoker.invokeTestMethod(Invoker.java:811)
	at org.testng.internal.Invoker.invokeTestMethods(Invoker.java:1129)
	at org.testng.internal.TestMethodWorker.invokeTestMethods(TestMethodWorker.java:129)
	at org.testng.internal.TestMethodWorker.run(TestMethodWorker.java:112)
	at org.testng.TestRunner.privateRun(TestRunner.java:746)
	at org.testng.TestRunner.run(TestRunner.java:600)
	at org.testng.SuiteRunner.runTest(SuiteRunner.java:366)
	at org.testng.SuiteRunner.runSequentially(SuiteRunner.java:361)
	at org.testng.SuiteRunner.privateRun(SuiteRunner.java:319)
	at org.testng.SuiteRunner.run(SuiteRunner.java:268)
	at org.testng.SuiteRunnerWorker.runSuite(SuiteRunnerWorker.java:52)
	at org.testng.SuiteRunnerWorker.run(SuiteRunnerWorker.java:86)
	at org.testng.TestNG.runSuitesSequentially(TestNG.java:1264)
	at org.testng.TestNG.runSuitesLocally(TestNG.java:1189)
	at org.testng.TestNG.runSuites(TestNG.java:1104)
	at org.testng.TestNG.run(TestNG.java:1076)
	at org.testng.remote.AbstractRemoteTestNG.run(AbstractRemoteTestNG.java:126)
	at org.testng.remote.RemoteTestNG.initAndRun(RemoteTestNG.java:152)
	at org.testng.remote.RemoteTestNG.main(RemoteTestNG.java:57)
]]>
            </full-stacktrace>
          </exception> <!-- org.openqa.selenium.StaleElementReferenceException -->
          <reporter-output>
          </reporter-output>
        </test-method> <!-- createOrganization -->
        <test-method status="PASS" signature="logoutOfApp()[pri:0, instance:com.crm.comcast.VtigerTest.CreateOrganizationTest@4cf777e8]" name="logoutOfApp" is-config="true" duration-ms="1667" started-at="2021-06-15T02:05:04Z" finished-at="2021-06-15T02:05:06Z">
          <reporter-output>
          </reporter-output>
        </test-method> <!-- logoutOfApp -->
        <test-method status="PASS" signature="closeBrowser()[pri:0, instance:com.crm.comcast.VtigerTest.CreateOrganizationTest@4cf777e8]" name="closeBrowser" is-config="true" duration-ms="116" started-at="2021-06-15T02:05:06Z" finished-at="2021-06-15T02:05:06Z">
          <reporter-output>
          </reporter-output>
        </test-method> <!-- closeBrowser -->
        <test-method status="PASS" signature="closeDB()[pri:0, instance:com.crm.comcast.VtigerTest.CreateOrganizationTest@4cf777e8]" name="closeDB" is-config="true" duration-ms="0" started-at="2021-06-15T02:05:07Z" finished-at="2021-06-15T02:05:07Z">
          <reporter-output>
          </reporter-output>
        </test-method> <!-- closeDB -->
      </class> <!-- com.crm.comcast.VtigerTest.CreateOrganizationTest -->
    </test> <!-- Default test -->
  </suite> <!-- Default suite -->
</testng-results>
